<?xml version="1.0" encoding="UTF-8" ?>
<testsuite tests="15" failures="0" name="TestSuite" time="14.124" errors="0" skipped="0">
  <properties>
    <property name="idea.version" value="2022.2.3"/>
    <property name="java.runtime.name" value="Java(TM) SE Runtime Environment"/>
    <property name="java.vm.version" value="11.0.16.1+1-LTS-1"/>
    <property name="sun.boot.library.path" value="C:\Program Files\Java\jdk-11.0.16.1\bin"/>
    <property name="maven.multiModuleProjectDirectory" value="D:\demoQA"/>
    <property name="java.vm.vendor" value="Oracle Corporation"/>
    <property name="java.vendor.url" value="https://openjdk.java.net/"/>
    <property name="guice.disable.misplaced.annotation.check" value="true"/>
    <property name="path.separator" value=";"/>
    <property name="java.vm.name" value="Java HotSpot(TM) 64-Bit Server VM"/>
    <property name="sun.os.patch.level" value=""/>
    <property name="user.script" value=""/>
    <property name="user.country" value="US"/>
    <property name="sun.java.launcher" value="SUN_STANDARD"/>
    <property name="java.vm.specification.name" value="Java Virtual Machine Specification"/>
    <property name="user.dir" value="D:\demoQA"/>
    <property name="java.vm.compressedOopsMode" value="Zero based"/>
    <property name="java.runtime.version" value="11.0.16.1+1-LTS-1"/>
    <property name="java.awt.graphicsenv" value="sun.awt.Win32GraphicsEnvironment"/>
    <property name="os.arch" value="amd64"/>
    <property name="java.io.tmpdir" value="C:\Users\dtvinh\AppData\Local\Temp\"/>
    <property name="line.separator" value="
"/>
    <property name="java.vm.specification.vendor" value="Oracle Corporation"/>
    <property name="user.variant" value=""/>
    <property name="os.name" value="Windows 10"/>
    <property name="maven.ext.class.path" value="C:\Program Files\JetBrains\IntelliJ IDEA Community Edition 2022.2.3\plugins\maven\lib\maven-event-listener.jar"/>
    <property name="classworlds.conf" value="C:\Program Files\JetBrains\IntelliJ IDEA Community Edition 2022.2.3\plugins\maven\lib\maven3\bin\m2.conf"/>
    <property name="sun.jnu.encoding" value="Cp1252"/>
    <property name="java.library.path" value="C:\Program Files\Java\jdk-11.0.16.1\bin;C:\WINDOWS\Sun\Java\bin;C:\WINDOWS\system32;C:\WINDOWS;C:\Program Files\Common Files\Oracle\Java\javapath;C:\Program Files (x86)\Common Files\Oracle\Java\javapath;C:\windows\system32;C:\windows;C:\windows\System32\Wbem;C:\windows\System32\WindowsPowerShell\v1.0\;C:\windows\System32\OpenSSH\;C:\Program Files (x86)\NetSarang\Xshell 7\;C:\ProgramData\chocolatey\bin;C:\Strawberry\c\bin;C:\Strawberry\perl\site\bin;C:\Strawberry\perl\bin;C:\Program Files\Microsoft SQL Server\130\Tools\Binn\;C:\Program Files\Microsoft SQL Server\Client SDK\ODBC\170\Tools\Binn\;C:\Program Files (x86)\Microsoft SQL Server\150\Tools\Binn\;C:\Program Files\Microsoft SQL Server\150\Tools\Binn\;C:\Program Files\Microsoft SQL Server\150\DTS\Binn\;C:\Program Files\Git\cmd;C:\Program Files\PuTTY\;C:\WINDOWS\system32;C:\WINDOWS;C:\WINDOWS\System32\Wbem;C:\WINDOWS\System32\WindowsPowerShell\v1.0\;C:\WINDOWS\System32\OpenSSH\;C:\Users\dtvinh\AppData\Roaming\npm;C:\Program Files\TortoiseGit\bin;C:\Program Files\nodejs\;C:\Program Files\Jenkins\bin;C:\Program Files\Java\jdk-17.0.4\bin;C:\Program Files (x86)\NetSarang\Xshell 6\;C:\Users\dtvinh\Anaconda3;C:\Users\dtvinh\Anaconda3\Library\mingw-w64\bin;C:\Users\dtvinh\Anaconda3\Library\usr\bin;C:\Users\dtvinh\Anaconda3\Library\bin;C:\Users\dtvinh\Anaconda3\Scripts;D:\Scripts\;D:\;C:\Users\dtvinh\AppData\Local\Microsoft\WindowsApps;C:\Users\dtvinh\AppData\Local\Programs\Git\cmd;D:\NodeJS;c:\Users\dtvinh\Downloads\;C:\Program Files (x86)\nodejs;C:\Users\dtvinh\AppData\Local\Programs\Python;C:\Program Files (x86)\Microsoft SDKs\TypeScript\0.8.0.0;C:\Program Files\Microsoft SDKs\TypeScript\0;C:\Users\dtvinh\AppData\Local\Programs\Microsoft VS Code\bin;%IntelliJ IDEA;D:\Tomcat\apache-tomcat-9.0.65\lib;C:\Program Files\Git\usr\bin;C:\apache-maven-3.8.6\bin;C:\Users\dtvinh\AppData\Local\Microsoft\WindowsApps;C:\allure-2.14.0\bin;C:\Program Files\JetBrains\IntelliJ IDEA Community Edition 2022.2.3\bin;;."/>
    <property name="maven.conf" value="C:\Program Files\JetBrains\IntelliJ IDEA Community Edition 2022.2.3\plugins\maven\lib\maven3/conf"/>
    <property name="jdk.debug" value="release"/>
    <property name="java.class.version" value="55.0"/>
    <property name="java.specification.name" value="Java Platform API Specification"/>
    <property name="sun.management.compiler" value="HotSpot 64-Bit Tiered Compilers"/>
    <property name="os.version" value="10.0"/>
    <property name="user.home" value="C:\Users\dtvinh"/>
    <property name="user.timezone" value="Asia/Bangkok"/>
    <property name="java.awt.printerjob" value="sun.awt.windows.WPrinterJob"/>
    <property name="file.encoding" value="UTF-8"/>
    <property name="java.specification.version" value="11"/>
    <property name="user.name" value="dtvinh"/>
    <property name="java.class.path" value="C:\Program Files\JetBrains\IntelliJ IDEA Community Edition 2022.2.3\plugins\maven\lib\maven3\boot\plexus-classworlds-2.6.0.jar;C:\Program Files\JetBrains\IntelliJ IDEA Community Edition 2022.2.3\plugins\maven\lib\maven3\boot\plexus-classworlds.license"/>
    <property name="java.vm.specification.version" value="11"/>
    <property name="sun.arch.data.model" value="64"/>
    <property name="sun.java.command" value="org.codehaus.classworlds.Launcher -Didea.version=2022.2.3 test"/>
    <property name="java.home" value="C:\Program Files\Java\jdk-11.0.16.1"/>
    <property name="user.language" value="en"/>
    <property name="java.specification.vendor" value="Oracle Corporation"/>
    <property name="awt.toolkit" value="sun.awt.windows.WToolkit"/>
    <property name="java.vm.info" value="mixed mode"/>
    <property name="java.version" value="11.0.16.1"/>
    <property name="java.vendor" value="Oracle Corporation"/>
    <property name="maven.home" value="C:\Program Files\JetBrains\IntelliJ IDEA Community Edition 2022.2.3\plugins\maven\lib\maven3"/>
    <property name="file.separator" value="\"/>
    <property name="java.version.date" value="2022-08-18"/>
    <property name="java.vendor.url.bug" value="https://bugreport.java.com/bugreport/"/>
    <property name="sun.io.unicode.encoding" value="UnicodeLittle"/>
    <property name="sun.cpu.endian" value="little"/>
    <property name="java.vendor.version" value="18.9"/>
    <property name="sun.desktop" value="windows"/>
    <property name="sun.cpu.isalist" value="amd64"/>
  </properties>
  <testcase classname="TestCases.ElementsPagesTest.ButtonsTest" name="TC_001_Click_3Buttons_respectively" time="0.649"/>
  <testcase classname="TestCases.ElementsPagesTest.ButtonsTest" name="TC_002_Click_DoubleClick" time="0.171"/>
  <testcase classname="TestCases.ElementsPagesTest.ButtonsTest" name="TC_003_Click_RightClick" time="0.747"/>
  <testcase classname="TestCases.ElementsPagesTest.ButtonsTest" name="TC_004_Click_ClickMe" time="0.054"/>
  <testcase classname="TestCases.ElementsPagesTest.CheckBoxTest" name="TC_0001_Check_HomeBox_And_Verify_HomeBox_Checked" time="0.135"/>
  <testcase classname="TestCases.ElementsPagesTest.CheckBoxTest" name="TC_0002_CheckOfficeBox_And_Verify_OfficeBox_Checked" time="0.199"/>
  <testcase classname="TestCases.ElementsPagesTest.DynamicPropertiesTest" name="TC_001_verify_EnabledAfter5SButton" time="5.236"/>
  <testcase classname="TestCases.ElementsPagesTest.LinksTest" name="TC_001" time="0.349"/>
  <testcase classname="TestCases.ElementsPagesTest.RadioButtonTest" name="TC_001" time="0.435"/>
  <testcase classname="TestCases.ElementsPagesTest.TextBoxTest" name="TC_001_Submit_TextBox_with_fullInformation_Successfully" time="1.026"/>
  <testcase classname="TestCases.ElementsPagesTest.TextBoxTest" name="TC_002_Submit_TextBox_without_anyInformation_Successfully" time="0.117"/>
  <testcase classname="TestCases.ElementsPagesTest.TextBoxTest" name="TC_003_Cannot_Submit_TextBox_with_invalidEmailFormat" time="3.272"/>
  <testcase classname="TestCases.ElementsPagesTest.TextBoxTest" name="TC_004_Submit_TextBox_without_FullName_Successfully" time="0.58"/>
  <testcase classname="TestCases.ElementsPagesTest.UploadDownloadTest" name="TC_001_UploadFileSuccessfully" time="0.064"/>
  <testcase classname="TestCases.ElementsPagesTest.UploadDownloadTest" name="TC_002_DownloadFileSuccessfully" time="1.09"/>
</testsuite>