<?xml version="1.0" encoding="UTF-8"?>
<!-- Generated by org.testng.reporters.JUnitReportReporter -->
<testsuite hostname="dtvinh" failures="0" tests="2" name="TestCases.ElementsPagesTest.CheckBoxTest" time="3.427" errors="0" timestamp="2022-10-24T17:57:39 ICT" skipped="0">
  <testcase classname="TestCases.ElementsPagesTest.CheckBoxTest" name="TC_0002_CheckOfficeBox_And_Verify_OfficeBox_Checked" time="1.018"/>
  <system-out/>
  <testcase classname="TestCases.ElementsPagesTest.CheckBoxTest" name="TC_0001_Check_HomeBox_And_Verify_HomeBox_Checked" time="2.409"/>
  <system-out/>
</testsuite> <!-- TestCases.ElementsPagesTest.CheckBoxTest -->
