<?xml version="1.0" encoding="UTF-8"?>
<!-- Generated by org.testng.reporters.JUnitReportReporter -->
<testsuite hostname="dtvinh" failures="0" tests="4" name="TestCases.ElementsPagesTest.TextBoxTest" time="22.042" errors="0" timestamp="2022-10-24T11:47:22 ICT" skipped="0">
  <testcase classname="TestCases.ElementsPagesTest.TextBoxTest" name="TC_001_Submit_TextBox_with_fullInformation_Successfully" time="0.492"/>
  <system-out/>
  <testcase classname="TestCases.ElementsPagesTest.TextBoxTest" name="TC_002_Submit_TextBox_without_anyInformation_Successfully" time="9.943"/>
  <system-out/>
  <testcase classname="TestCases.ElementsPagesTest.TextBoxTest" name="TC_003_Cannot_Submit_TextBox_with_invalidEmailFormat" time="4.020"/>
  <system-out/>
  <testcase classname="TestCases.ElementsPagesTest.TextBoxTest" name="TC_004_Submit_TextBox_without_FullName_Successfully" time="7.587"/>
  <system-out/>
</testsuite> <!-- TestCases.ElementsPagesTest.TextBoxTest -->
