<?xml version="1.0" encoding="UTF-8"?>
<!-- Generated by org.testng.reporters.JUnitReportReporter -->
<testsuite hostname="dtvinh" failures="0" tests="4" name="TestCases.ElementsPagesTest.TextBoxTest" time="32.418" errors="0" timestamp="2022-10-21T11:40:48 ICT" skipped="0">
  <testcase classname="TestCases.ElementsPagesTest.TextBoxTest" name="TC_002_Submit_TextBox_without_anyInformation_Successfully" time="2.784"/>
  <system-out/>
  <testcase classname="TestCases.ElementsPagesTest.TextBoxTest" name="TC_003_Cannot_Submit_TextBox_with_invalidEmailFormat" time="0.521"/>
  <system-out/>
  <testcase classname="TestCases.ElementsPagesTest.TextBoxTest" name="TC_001_Submit_TextBox_with_fullInformation_Successfully" time="1.457"/>
  <system-out/>
  <testcase classname="TestCases.ElementsPagesTest.TextBoxTest" name="TC_004_Submit_TextBox_without_FullName_Successfully" time="27.656"/>
  <system-out/>
</testsuite> <!-- TestCases.ElementsPagesTest.TextBoxTest -->
