<?xml version="1.0" encoding="UTF-8"?>
<!-- Generated by org.testng.reporters.JUnitReportReporter -->
<testsuite hostname="dtvinh" failures="0" tests="2" name="TestCases.ElementsPagesTest.UploadDownloadTest" time="6.664" errors="0" timestamp="2022-10-24T17:57:39 ICT" skipped="0">
  <testcase classname="TestCases.ElementsPagesTest.UploadDownloadTest" name="TC_001_UploadFileSuccessfully" time="4.622"/>
  <system-out/>
  <testcase classname="TestCases.ElementsPagesTest.UploadDownloadTest" name="TC_002_DownloadFileSuccessfully" time="2.042"/>
  <system-out/>
</testsuite> <!-- TestCases.ElementsPagesTest.UploadDownloadTest -->
