<?xml version="1.0" encoding="UTF-8"?>
<!-- Generated by org.testng.reporters.JUnitReportReporter -->
<testsuite hostname="dtvinh" failures="0" tests="4" name="TestCases.ElementsPagesTest.ButtonsTest" time="9.906" errors="0" timestamp="2022-10-24T17:57:39 ICT" skipped="0">
  <testcase classname="TestCases.ElementsPagesTest.ButtonsTest" name="TC_002_Click_DoubleClick" time="2.553"/>
  <system-out/>
  <testcase classname="TestCases.ElementsPagesTest.ButtonsTest" name="TC_004_Click_ClickMe" time="0.735"/>
  <system-out/>
  <testcase classname="TestCases.ElementsPagesTest.ButtonsTest" name="TC_003_Click_RightClick" time="6.017"/>
  <system-out/>
  <testcase classname="TestCases.ElementsPagesTest.ButtonsTest" name="TC_001_Click_3Buttons_respectively" time="0.601"/>
  <system-out/>
</testsuite> <!-- TestCases.ElementsPagesTest.ButtonsTest -->
