<?xml version="1.0" encoding="UTF-8"?>
<!-- Generated by org.testng.reporters.JUnitReportReporter -->
<testsuite hostname="dtvinh" failures="0" tests="2" name="TestCases.ElementsPagesTest.UploadDownloadTest" time="5.078" errors="0" timestamp="2022-10-24T11:47:22 ICT" skipped="0">
  <testcase classname="TestCases.ElementsPagesTest.UploadDownloadTest" name="TC_001_UploadFileSuccessfully" time="0.264"/>
  <system-out/>
  <testcase classname="TestCases.ElementsPagesTest.UploadDownloadTest" name="TC_002_DownloadFileSuccessfully" time="4.814"/>
  <system-out/>
</testsuite> <!-- TestCases.ElementsPagesTest.UploadDownloadTest -->
