<?xml version="1.0" encoding="UTF-8"?>
<!-- Generated by org.testng.reporters.JUnitReportReporter -->
<testsuite hostname="dtvinh" failures="0" tests="1" name="TestCases.ElementsPagesTest.DynamicPropertiesTest" time="6.166" errors="0" timestamp="2022-10-24T17:57:39 ICT" skipped="0">
  <testcase classname="TestCases.ElementsPagesTest.DynamicPropertiesTest" name="TC_001_verify_EnabledAfter5SButton" time="6.166"/>
  <system-out/>
</testsuite> <!-- TestCases.ElementsPagesTest.DynamicPropertiesTest -->
