<?xml version="1.0" encoding="UTF-8"?>
<!-- Generated by org.testng.reporters.JUnitReportReporter -->
<testsuite hostname="dtvinh" failures="0" tests="1" name="TestCases.ElementsPagesTest.LinksTest" time="0.313" errors="0" timestamp="2022-10-21T11:40:48 ICT" skipped="0">
  <testcase classname="TestCases.ElementsPagesTest.LinksTest" name="TC_001" time="0.313"/>
  <system-out/>
</testsuite> <!-- TestCases.ElementsPagesTest.LinksTest -->
