<?xml version="1.0" encoding="UTF-8"?>
<!-- Generated by org.testng.reporters.JUnitReportReporter -->
<testsuite hostname="dtvinh" failures="0" tests="1" name="TestCases.ElementsPagesTest.LinksTest" time="7.826" errors="0" timestamp="2022-10-24T11:47:22 ICT" skipped="0">
  <testcase classname="TestCases.ElementsPagesTest.LinksTest" name="TC_001" time="7.826"/>
  <system-out/>
</testsuite> <!-- TestCases.ElementsPagesTest.LinksTest -->
