<?xml version="1.0" encoding="UTF-8"?>
<!-- Generated by org.testng.reporters.JUnitReportReporter -->
<testsuite hostname="dtvinh" failures="0" tests="4" name="TestCases.ElementsPagesTest.ButtonsTest" time="52.604" errors="0" timestamp="2022-10-21T11:40:48 ICT" skipped="0">
  <testcase classname="TestCases.ElementsPagesTest.ButtonsTest" name="TC_001_Click_3Buttons_respectively" time="0.567"/>
  <system-out/>
  <testcase classname="TestCases.ElementsPagesTest.ButtonsTest" name="TC_003_Click_RightClick" time="28.479"/>
  <system-out/>
  <testcase classname="TestCases.ElementsPagesTest.ButtonsTest" name="TC_002_Click_DoubleClick" time="0.184"/>
  <system-out/>
  <testcase classname="TestCases.ElementsPagesTest.ButtonsTest" name="TC_004_Click_ClickMe" time="23.374"/>
  <system-out/>
</testsuite> <!-- TestCases.ElementsPagesTest.ButtonsTest -->
